[INFO  2024-10-09T09:18:23,936 net.lightbody.bmp.proxy.Main] (main) Starting BrowserMob Proxy version 2.1.4 
[INFO  2024-10-09T09:18:23,958 org.eclipse.jetty.util.log] (main) jetty-7.x.y-SNAPSHOT 
[INFO  2024-10-09T09:18:24,079 org.eclipse.jetty.util.log] (main) started o.e.j.s.ServletContextHandler{/,null} 
[WARN  2024-10-09T09:18:24,188 org.eclipse.jetty.util.log] (main) FAILED SelectChannelConnector@0.0.0.0:8080: java.net.BindException: Address already in use: bind 
[WARN  2024-10-09T09:18:24,188 org.eclipse.jetty.util.log] (main) FAILED org.eclipse.jetty.server.Server@158a3b2e: java.net.BindException: Address already in use: bind 
[ERROR 2024-10-09T09:18:24,188 net.lightbody.bmp.proxy.Main] (main) Failed to start Jetty server. Aborting. java.net.BindException: Address already in use: bind
	at sun.nio.ch.Net.bind0(Native Method) ~[?:1.8.0_422]
	at sun.nio.ch.Net.bind(Net.java:461) ~[?:1.8.0_422]
	at sun.nio.ch.Net.bind(Net.java:453) ~[?:1.8.0_422]
	at sun.nio.ch.ServerSocketChannelImpl.bind(ServerSocketChannelImpl.java:222) ~[?:1.8.0_422]
	at sun.nio.ch.ServerSocketAdaptor.bind(ServerSocketAdaptor.java:85) ~[?:1.8.0_422]
	at org.eclipse.jetty.server.nio.SelectChannelConnector.open(SelectChannelConnector.java:162) ~[browsermob-dist-2.1.4.jar:?]
	at org.eclipse.jetty.server.AbstractConnec[INFO  2024-10-09T09:18:52,431 org.littleshoot.proxy.impl.ClientToProxyConnection] (LittleProxy-1-ClientToProxyWorker-5) (AWAITING_INITIAL) [id: 0x86f7b9ff, L:/0:0:0:0:0:0:0:1:8082 - R:/0:0:0:0:0:0:0:1:56043]: An IOException occurred on ClientToProxyConnection: An existing connection was forcibly closed by the remote host 
[INFO  2024-10-09T09:18:52,431 org.littleshoot.proxy.impl.ClientToProxyConnection] (LittleProxy-1-ClientToProxyWorker-0) (AWAITING_INITIAL) [id: 0xc0cab1ce, L:/0:0:0:0:0:0:0:1:8082 - R:/0:0:0:0:0:0:0:1:56030]: An IOException occurred on ClientToProxyConnection: An existing connection was forcibly closed by the remote host 
[INFO  2024-10-09T09:18:52,431 org.littleshoot.proxy.impl.ClientToProxyConnection] (LittleProxy-1-ClientToProxyWorker-6) (AWAITING_INITIAL) [id: 0xff56d237, L:/0:0:0:0:0:0:0:1:8082 - R:/0:0:0:0:0:0:0:1:56044]: An IOException occurred on ClientToProxyConnection: An existing connection was forcibly closed by the remote host 
[INFO  2024-10-09T09:18:52,431 org.littleshoot.proxy.impl.ClientToProxyConnection] (LittleProxy-1-ClientToProxyWorker-1) (AWAITING_INITIAL) [id: 0x9edcbfa6, L:/0:0:0:0:0:0:0:1:8082 - R:/0:0:0:0:0:0:0:1:56039]: An IOException occurred on ClientToProxyConnection: An existing connection was forcibly closed by the remote host 
[INFO  2024-10-09T09:18:52,431 org.littleshoot.proxy.impl.ClientToProxyConnection] (LittleProxy-1-ClientToProxyWorker-3) (AWAITING_INITIAL) [id: 0xf9aab860, L:/0:0:0:0:0:0:0:1:8082 - R:/0:0:0:0:0:0:0:1:56041]: An IOException occurred on ClientToProxyConnection: An existing connection was forcibly closed by the remote host 
[INFO  2024-10-09T09:18:52,431 org.littleshoot.proxy.impl.ClientToProxyConnection] (LittleProxy-1-ClientToProxyWorker-2) (AWAITING_INITIAL) [id: 0x506f841d, L:/0:0:0:0:0:0:0:1:8082 - R:/0:0:0:0:0:0:0:1:56040]: An IOException occurred on ClientToProxyConnection: An existing connection was forcibly closed by the remote host 
[INFO  2024-10-09T09:18:52,431 org.littleshoot.proxy.impl.ClientToProxyConnection] (LittleProxy-1-ClientToProxyWorker-4) (AWAITING_INITIAL) [id: 0x41fc2d01, L:/0:0:0:0:0:0:0:1:8082 - R:/0:0:0:0:0:0:0:1:56042]: An IOException occurred on ClientToProxyConnection: An existing connection was forcibly closed by the remote host 
[INFO  2024-10-09T09:18:52,431 org.littleshoot.proxy.impl.ClientToProxyConnection] (LittleProxy-1-ClientToProxyWorker-7) (AWAITING_INITIAL) [id: 0x76ea1bfc, L:/0:0:0:0:0:0:0:1:8082 - R:/0:0:0:0:0:0:0:1:56045]: An IOException occurred on ClientToProxyConnection: An existing connection was forcibly closed by the remote host 
[INFO  2024-10-09T09:18:52,432 org.littleshoot.proxy.impl.ClientToProxyConnection] (LittleProxy-1-ClientToProxyWorker-1) (AWAITING_INITIAL) [id: 0x5005365e, L:/0:0:0:0:0:0:0:1:8082 - R:/0:0:0:0:0:0:0:1:56074]: An IOException occurred on ClientToProxyConnection: An existing connection was forcibly closed by the remote host 
[INFO  2024-10-09T09:18:52,432 org.littleshoot.proxy.impl.ClientToProxyConnection] (LittleProxy-1-ClientToProxyWorker-5) (AWAITING_INITIAL) [id: 0xe8424cc3, L:/0:0:0:0:0:0:0:1:8082 - R:/0:0:0:0:0:0:0:1:56085]: An IOException occurred on ClientToProxyConnection: An existing connection was forcibly closed by the remote host 
[INFO  2024-10-09T09:18:52,432 org.littleshoot.proxy.impl.ClientToProxyConnection] (LittleProxy-1-ClientToProxyWorker-3) (AWAITING_INITIAL) [id: 0x0ab79f9a, L:/0:0:0:0:0:0:0:1:8082 - R:/0:0:0:0:0:0:0:1:56079]: An IOException occurred on ClientToProxyConnection: An existing connection was forcibly closed by the remote host 
[INFO  2024-10-09T09:18:52,432 org.littleshoot.proxy.impl.ClientToProxyConnection] (LittleProxy-1-ClientToProxyWorker-6) (AWAITING_INITIAL) [id: 0x021f1129, L:/0:0:0:0:0:0:0:1:8082 - R:/0:0:0:0:0:0:0:1:56114]: An IOException occurred on ClientToProxyConnection: An existing connection was forcibly closed by the remote host 
[INFO  2024-10-09T09:18:52,432 org.littleshoot.proxy.impl.ClientToProxyConnection] (LittleProxy-1-ClientToProxyWorker-2) (AWAITING_INITIAL) [id: 0xe3ee3d3d, L:/0:0:0:0:0:0:0:1:8082 - R:/0:0:0:0:0:0:0:1:56057]: An IOException occurred on ClientToProxyConnection: An existing connection was forcibly closed by the remote host 
[INFO  2024-10-09T09:18:52,432 org.littleshoot.proxy.impl.ClientToProxyConnection] (LittleProxy-1-ClientToProxyWorker-4) (AWAITING_INITIAL) [id: 0xaeca8d29, L:/0:0:0:0:0:0:0:1:8082 - R:/0:0:0:0:0:0:0:1:56081]: An IOException occurred on ClientToProxyConnection: An existing connection was forcibly closed by the remote host 
[INFO  2024-10-09T09:18:52,432 org.littleshoot.proxy.impl.ClientToProxyConnection] (LittleProxy-1-ClientToProxyWorker-7) (AWAITING_INITIAL) [id: 0x2834e4c2, L:/0:0:0:0:0:0:0:1:8082 - R:/0:0:0:0:0:0:0:1:56065]: An IOException occurred on ClientToProxyConnection: An existing connection was forcibly closed by the remote host 
[INFO  2024-10-09T09:18:52,432 org.littleshoot.proxy.impl.ClientToProxyConnection] (LittleProxy-1-ClientToProxyWorker-0) (AWAITING_INITIAL) [id: 0xee582aa3, L:/0:0:0:0:0:0:0:1:8082 - R:/0:0:0:0:0:0:0:1:56073]: An IOException occurred on ClientToProxyConnection: An existing connection was forcibly closed by the remote host 
[INFO  2024-10-09T09:18:52,433 org.littleshoot.proxy.impl.ClientToProxyConnection] (LittleProxy-1-ClientToProxyWorker-6) (AWAITING_INITIAL) [id: 0x719a41b0, L:/0:0:0:0:0:0:0:1:8082 - R:/0:0:0:0:0:0:0:1:56064]: An IOException occurred on ClientToProxyConnection: An existing connection was forcibly closed by the remote host 
[INFO  2024-10-09T09:18:52,434 org.littleshoot.proxy.impl.ClientToProxyConnection] (LittleProxy-1-ClientToProxyWorker-4) (AWAITING_INITIAL) [id: 0x83a134cf, L:/0:0:0:0:0:0:0:1:8082 - R:/0:0:0:0:0:0:0:1:56059]: An IOException occurred on ClientToProxyConnection: An existing connection was forcibly closed by the remote host 
[INFO  2024-10-09T09:18:52,433 org.littleshoot.proxy.impl.ClientToProxyConnection] (LittleProxy-1-ClientToProxyWorker-3) (AWAITING_INITIAL) [id: 0x8d5e7833, L:/0:0:0:0:0:0:0:1:8082 - R:/0:0:0:0:0:0:0:1:56058]: An IOException occurred on ClientToProxyConnection: An existing connection was forcibly closed by the remote host 
[INFO  2024-10-09T09:18:52,434 org.littleshoot.proxy.impl.ClientToProxyConnection] (LittleProxy-1-ClientToProxyWorker-1) (AWAITING_INITIAL) [id: 0x3e9ae93d, L:/0:0:0:0:0:0:0:1:8082 - R:/0:0:0:0:0:0:0:1:56055]: An IOException occurred on ClientToProxyConnection: An existing connection was forcibly closed by the remote host 
[INFO  2024-10-09T09:18:52,434 org.littleshoot.proxy.impl.ClientToProxyConnection] (LittleProxy-1-ClientToProxyWorker-5) (AWAITING_INITIAL) [id: 0x22f82b53, L:/0:0:0:0:0:0:0:1:8082 - R:/0:0:0:0:0:0:0:1:56060]: An IOException occurred on ClientToProxyConnection: An existing connection was forcibly closed by the remote host 
[INFO  2024-10-09T09:18:52,434 org.littleshoot.proxy.impl.ClientToProxyConnection] (LittleProxy-1-ClientToProxyWorker-0) (AWAITING_INITIAL) [id: 0x331e6c1c, L:/0:0:0:0:0:0:0:1:8082 - R:/0:0:0:0:0:0:0:1:56046]: An IOException occurred on ClientToProxyConnection: An existing connection was forcibly closed by the remote host 
