Running BrowserMob Proxy using LittleProxy implementation. To revert to the legacy implementation, run the proxy with the command-line option '--use-littleproxy false'.
[INFO  2024-09-28T14:32:40,119 net.lightbody.bmp.proxy.Main] (main) Starting BrowserMob Proxy version 2.1.4 
[INFO  2024-09-28T14:32:40,142 org.eclipse.jetty.util.log] (main) jetty-7.x.y-SNAPSHOT 
[INFO  2024-09-28T14:32:40,272 org.eclipse.jetty.util.log] (main) started o.e.j.s.ServletContextHandler{/,null} 
[WARN  2024-09-28T14:32:40,377 org.eclipse.jetty.util.log] (main) FAILED SelectChannelConnector@0.0.0.0:8080: java.net.BindException: Address already in use: bind 
[WARN  2024-09-28T14:32:40,377 org.eclipse.jetty.util.log] (main) FAILED org.eclipse.jetty.server.Server@158a3b2e: java.net.BindException: Address already in use: bind 
[ERROR 2024-09-28T14:32:40,377 net.lightbody.bmp.proxy.Main] (main) Failed to start Jetty server. Aborting. java.net.BindException: Address already in use: bind
	at sun.nio.ch.Net.bind0(Native Method) ~[?:1.8.0_422]
	at sun.nio.ch.Net.bind(Net.java:461) ~[?:1.8.0_422]
	at sun.nio.ch.Net.bind(Net.java:453) ~[?:1.8.0_422]
	at sun.nio.ch.ServerSocketChannelImpl.bind(ServerSocketChannelImpl.java:222) ~[?:1.8.0_422]
	at sun.nio.ch.ServerSocketAdaptor.bind(ServerSocketAdaptor.java:85) ~[?:1.8.0_422]
	at org.eclipse.jetty.server.nio.SelectChannelConnector.open(SelectChannelConnector.java:162) ~[browsermob-dist-2.1.4.jar:?]
	at org.eclipse.jetty.server.AbstractConnec[INFO  2024-09-28T14:33:04,319 org.littleshoot.proxy.impl.ClientToProxyConnection] (LittleProxy-1-ClientToProxyWorker-4) (AWAITING_INITIAL) [id: 0x4243fcb9, L:/0:0:0:0:0:0:0:1:8082 - R:/0:0:0:0:0:0:0:1:58933]: An IOException occurred on ClientToProxyConnection: An existing connection was forcibly closed by the remote host 
[INFO  2024-09-28T14:33:04,319 org.littleshoot.proxy.impl.ClientToProxyConnection] (LittleProxy-1-ClientToProxyWorker-3) (AWAITING_INITIAL) [id: 0x6bd934b5, L:/0:0:0:0:0:0:0:1:8082 - R:/0:0:0:0:0:0:0:1:58947]: An IOException occurred on ClientToProxyConnection: An existing connection was forcibly closed by the remote host 
[INFO  2024-09-28T14:33:04,319 org.littleshoot.proxy.impl.ClientToProxyConnection] (LittleProxy-1-ClientToProxyWorker-2) (AWAITING_INITIAL) [id: 0x27a697ca, L:/0:0:0:0:0:0:0:1:8082 - R:/0:0:0:0:0:0:0:1:58926]: An IOException occurred on ClientToProxyConnection: An existing connection was forcibly closed by the remote host 
[INFO  2024-09-28T14:33:04,319 org.littleshoot.proxy.impl.ClientToProxyConnection] (LittleProxy-1-ClientToProxyWorker-5) (AWAITING_INITIAL) [id: 0x435f00cd, L:/0:0:0:0:0:0:0:1:8082 - R:/0:0:0:0:0:0:0:1:58934]: An IOException occurred on ClientToProxyConnection: An existing connection was forcibly closed by the remote host 
[INFO  2024-09-28T14:33:04,319 org.littleshoot.proxy.impl.ClientToProxyConnection] (LittleProxy-1-ClientToProxyWorker-0) (AWAITING_INITIAL) [id: 0xa220449f, L:/0:0:0:0:0:0:0:1:8082 - R:/0:0:0:0:0:0:0:1:58914]: An IOException occurred on ClientToProxyConnection: An existing connection was forcibly closed by the remote host 
[INFO  2024-09-28T14:33:04,319 org.littleshoot.proxy.impl.ClientToProxyConnection] (LittleProxy-1-ClientToProxyWorker-7) (AWAITING_INITIAL) [id: 0x5b7107e2, L:/0:0:0:0:0:0:0:1:8082 - R:/0:0:0:0:0:0:0:1:58936]: An IOException occurred on ClientToProxyConnection: An existing connection was forcibly closed by the remote host 
[INFO  2024-09-28T14:33:04,319 org.littleshoot.proxy.impl.ClientToProxyConnection] (LittleProxy-1-ClientToProxyWorker-1) (AWAITING_INITIAL) [id: 0x6b0cb460, L:/0:0:0:0:0:0:0:1:8082 - R:/0:0:0:0:0:0:0:1:58923]: An IOException occurred on ClientToProxyConnection: An existing connection was forcibly closed by the remote host 
[INFO  2024-09-28T14:33:04,319 org.littleshoot.proxy.impl.ClientToProxyConnection] (LittleProxy-1-ClientToProxyWorker-6) (AWAITING_INITIAL) [id: 0x1e855e09, L:/0:0:0:0:0:0:0:1:8082 - R:/0:0:0:0:0:0:0:1:58935]: An IOException occurred on ClientToProxyConnection: An existing connection was forcibly closed by the remote host 
[INFO  2024-09-28T14:33:04,321 org.littleshoot.proxy.impl.ClientToProxyConnection] (LittleProxy-1-ClientToProxyWorker-5) (AWAITING_INITIAL) [id: 0xcfd8d624, L:/0:0:0:0:0:0:0:1:8082 - R:/0:0:0:0:0:0:0:1:58949]: An IOException occurred on ClientToProxyConnection: An existing connection was forcibly closed by the remote host 
[INFO  2024-09-28T14:33:04,321 org.littleshoot.proxy.impl.ClientToProxyConnection] (LittleProxy-1-ClientToProxyWorker-4) (AWAITING_INITIAL) [id: 0x0f59e258, L:/0:0:0:0:0:0:0:1:8082 - R:/0:0:0:0:0:0:0:1:58969]: An IOException occurred on ClientToProxyConnection: An existing connection was forcibly closed by the remote host 
[INFO  2024-09-28T14:33:04,321 org.littleshoot.proxy.impl.ClientToProxyConnection] (LittleProxy-1-ClientToProxyWorker-0) (AWAITING_INITIAL) [id: 0x24c4023d, L:/0:0:0:0:0:0:0:1:8082 - R:/0:0:0:0:0:0:0:1:58994]: An IOException occurred on ClientToProxyConnection: An existing connection was forcibly closed by the remote host 
[INFO  2024-09-28T14:33:04,321 org.littleshoot.proxy.impl.ClientToProxyConnection] (LittleProxy-1-ClientToProxyWorker-1) (AWAITING_INITIAL) [id: 0x3c1d1199, L:/0:0:0:0:0:0:0:1:8082 - R:/0:0:0:0:0:0:0:1:59013]: An IOException occurred on ClientToProxyConnection: An existing connection was forcibly closed by the remote host 
[INFO  2024-09-28T14:33:04,321 org.littleshoot.proxy.impl.ClientToProxyConnection] (LittleProxy-1-ClientToProxyWorker-7) (AWAITING_INITIAL) [id: 0x0f58e64a, L:/0:0:0:0:0:0:0:1:8082 - R:/0:0:0:0:0:0:0:1:58976]: An IOException occurred on ClientToProxyConnection: An existing connection was forcibly closed by the remote host 
[INFO  2024-09-28T14:33:04,321 org.littleshoot.proxy.impl.ClientToProxyConnection] (LittleProxy-1-ClientToProxyWorker-3) (AWAITING_INITIAL) [id: 0x672a17c8, L:/0:0:0:0:0:0:0:1:8082 - R:/0:0:0:0:0:0:0:1:58932]: An IOException occurred on ClientToProxyConnection: An existing connection was forcibly closed by the remote host 
[INFO  2024-09-28T14:33:04,321 org.littleshoot.proxy.impl.ClientToProxyConnection] (LittleProxy-1-ClientToProxyWorker-2) (AWAITING_INITIAL) [id: 0x748c370f, L:/0:0:0:0:0:0:0:1:8082 - R:/0:0:0:0:0:0:0:1:59015]: An IOException occurred on ClientToProxyConnection: An existing connection was forcibly closed by the remote host 
[INFO  2024-09-28T14:33:04,321 org.littleshoot.proxy.impl.ClientToProxyConnection] (LittleProxy-1-ClientToProxyWorker-6) (AWAITING_INITIAL) [id: 0x7172dc1e, L:/0:0:0:0:0:0:0:1:8082 - R:/0:0:0:0:0:0:0:1:58973]: An IOException occurred on ClientToProxyConnection: An existing connection was forcibly closed by the remote host 
[INFO  2024-09-28T14:33:04,322 org.littleshoot.proxy.impl.ClientToProxyConnection] (LittleProxy-1-ClientToProxyWorker-3) (AWAITING_INITIAL) [id: 0x680033fe, L:/0:0:0:0:0:0:0:1:8082 - R:/0:0:0:0:0:0:0:1:59016]: An IOException occurred on ClientToProxyConnection: An existing connection was forcibly closed by the remote host 
[INFO  2024-09-28T14:33:04,322 org.littleshoot.proxy.impl.ClientToProxyConnection] (LittleProxy-1-ClientToProxyWorker-0) (AWAITING_INITIAL) [id: 0xedac31b1, L:/0:0:0:0:0:0:0:1:8082 - R:/0:0:0:0:0:0:0:1:58937]: An IOException occurred on ClientToProxyConnection: An existing connection was forcibly closed by the remote host 
[INFO  2024-09-28T14:33:04,322 org.littleshoot.proxy.impl.ClientToProxyConnection] (LittleProxy-1-ClientToProxyWorker-6) (AWAITING_INITIAL) [id: 0xcd14646d, L:/0:0:0:0:0:0:0:1:8082 - R:/0:0:0:0:0:0:0:1:58950]: An IOException occurred on ClientToProxyConnection: An existing connection was forcibly closed by the remote host 
[INFO  2024-09-28T14:33:04,322 org.littleshoot.proxy.impl.ClientToProxyConnection] (LittleProxy-1-ClientToProxyWorker-7) (AWAITING_INITIAL) [id: 0xbce69e8a, L:/0:0:0:0:0:0:0:1:8082 - R:/0:0:0:0:0:0:0:1:58951]: An IOException occurred on ClientToProxyConnection: An existing connection was forcibly closed by the remote host 
[INFO  2024-09-28T14:33:04,322 org.littleshoot.proxy.impl.ClientToProxyConnection] (LittleProxy-1-ClientToProxyWorker-2) (AWAITING_INITIAL) [id: 0xfae43851, L:/0:0:0:0:0:0:0:1:8082 - R:/0:0:0:0:0:0:0:1:58946]: An IOException occurred on ClientToProxyConnection: An existing connection was forcibly closed by the remote host 
[INFO  2024-09-28T14:33:04,322 org.littleshoot.proxy.impl.ClientToProxyConnection] (LittleProxy-1-ClientToProxyWorker-1) (AWAITING_INITIAL) [id: 0x1a838f42, L:/0:0:0:0:0:0:0:1:8082 - R:/0:0:0:0:0:0:0:1:58938]: An IOException occurred on ClientToProxyConnection: An existing connection was forcibly closed by the remote host 
[INFO  2024-09-28T14:33:04,322 org.littleshoot.proxy.impl.ClientToProxyConnection] (LittleProxy-1-ClientToProxyWorker-0) (AWAITING_INITIAL) [id: 0x494eea4c, L:/0:0:0:0:0:0:0:1:8082 - R:/0:0:0:0:0:0:0:1:58952]: An IOException occurred on ClientToProxyConnection: An existing connection was forcibly closed by the remote host 
[INFO  2024-09-28T14:33:04,322 org.littleshoot.proxy.impl.ClientToProxyConnection] (LittleProxy-1-ClientToProxyWorker-3) (AWAITING_INITIAL) [id: 0x1c77423f, L:/0:0:0:0:0:0:0:1:8082 - R:/0:0:0:0:0:0:0:1:58968]: An IOException occurred on ClientToProxyConnection: An existing connection was forcibly closed by the remote host 
[INFO  2024-09-28T14:33:04,322 org.littleshoot.proxy.impl.ClientToProxyConnection] (LittleProxy-1-ClientToProxyWorker-4) (AWAITING_INITIAL) [id: 0x0673e240, L:/0:0:0:0:0:0:0:1:8082 - R:/0:0:0:0:0:0:0:1:58948]: An IOException occurred on ClientToProxyConnection: An existing connection was forcibly closed by the remote host 
[INFO  2024-09-28T14:33:04,322 org.littleshoot.proxy.impl.ClientToProxyConnection] (LittleProxy-1-ClientToProxyWorker-2) (AWAITING_INITIAL) [id: 0x1ff58768, L:/0:0:0:0:0:0:0:1:8082 - R:/0:0:0:0:0:0:0:1:58966]: An IOException occurred on ClientToProxyConnection: An existing connection was forcibly closed by the remote host 
[INFO  2024-09-28T14:33:04,322 org.littleshoot.proxy.impl.ClientToProxyConnection] (LittleProxy-1-ClientToProxyWorker-1) (AWAITING_INITIAL) [id: 0xd1e752c2, L:/0:0:0:0:0:0:0:1:8082 - R:/0:0:0:0:0:0:0:1:58964]: An IOException occurred on ClientToProxyConnection: An existing connection was forcibly closed by the remote host 
